<?xml version="1.0" encoding="UTF-8"?>
<testng-results skipped="0" failed="0" total="2" passed="2">
  <reporter-output>
  </reporter-output>
  <suite name="Suite" duration-ms="48859" started-at="2020-01-20T12:24:43Z" finished-at="2020-01-20T12:25:31Z">
    <groups>
      <group name="cucumber">
        <method signature="AbstractTestNGCucumberTests.feature(cucumber.api.testng.CucumberFeatureWrapper)[pri:0, instance:com.runner.TestRunner@4566e5bd]" name="feature" class="cucumber.api.testng.AbstractTestNGCucumberTests"/>
      </group> <!-- cucumber -->
    </groups>
    <test name="Test" duration-ms="48859" started-at="2020-01-20T12:24:43Z" finished-at="2020-01-20T12:25:31Z">
      <class name="com.runner.TestRunner">
        <test-method status="PASS" signature="setUpClass()[pri:0, instance:com.runner.TestRunner@4566e5bd]" name="setUpClass" is-config="true" duration-ms="297" started-at="2020-01-20T23:24:43Z" finished-at="2020-01-20T23:24:43Z">
          <reporter-output>
          </reporter-output>
        </test-method> <!-- setUpClass -->
        <test-method status="PASS" signature="setup()[pri:0, instance:com.runner.TestRunner@4566e5bd]" name="setup" is-config="true" duration-ms="224" started-at="2020-01-20T23:24:43Z" finished-at="2020-01-20T23:24:43Z">
          <reporter-output>
          </reporter-output>
        </test-method> <!-- setup -->
        <test-method status="PASS" signature="feature(cucumber.api.testng.CucumberFeatureWrapper)[pri:0, instance:com.runner.TestRunner@4566e5bd]" name="feature" duration-ms="4304" started-at="2020-01-20T23:24:43Z" description="Runs Cucumber Feature" data-provider="features" finished-at="2020-01-20T23:24:48Z">
          <params>
            <param index="0">
              <value>
                <![CDATA[Accpetance testing to validate Sydneys Weather]]>
              </value>
            </param>
          </params>
          <reporter-output>
          </reporter-output>
        </test-method> <!-- feature -->
        <test-method status="PASS" signature="feature(cucumber.api.testng.CucumberFeatureWrapper)[pri:0, instance:com.runner.TestRunner@4566e5bd]" name="feature" duration-ms="43644" started-at="2020-01-20T23:24:48Z" description="Runs Cucumber Feature" data-provider="features" finished-at="2020-01-20T23:25:31Z">
          <params>
            <param index="0">
              <value>
                <![CDATA[Acceptance testing to validate order items is working.]]>
              </value>
            </param>
          </params>
          <reporter-output>
          </reporter-output>
        </test-method> <!-- feature -->
        <test-method status="PASS" signature="tearDownClass()[pri:0, instance:com.runner.TestRunner@4566e5bd]" name="tearDownClass" is-config="true" duration-ms="271" started-at="2020-01-20T23:25:31Z" finished-at="2020-01-20T23:25:31Z">
          <reporter-output>
          </reporter-output>
        </test-method> <!-- tearDownClass -->
      </class> <!-- com.runner.TestRunner -->
    </test> <!-- Test -->
  </suite> <!-- Suite -->
</testng-results>
